[LOG] System::create                           : Header version = 2.01.07. Current version = 2.01.07.
[LOG] Manager::init                            : maxchannels = 256 studioflags = 00000006 flags 00000000 extradriverdata 0000000000000000.
[LOG] SystemI::init                            : Initialize version=20107 (113487), maxchannels=256, flags=0x00020000
[LOG] SystemI::setOutputInternal               : Setting output to 'FMOD WASAPI Output'
[LOG] OutputWASAPI::init                       : Mix Format (WAVEFORMATEX): wFormatTag=0xFFFE, nChannels=2, nSamplesPerSec=48000, nAvgBytesPerSec=384000, nBlockAlign=8, wBitsPerSample=32, cbSize=22.
[LOG] OutputWASAPI::init                       : Mix Format (WAVEFORMATEXTENSIBLE): wValidBitsPerSample=32, dwChannelMask=0x00000003, SubFormat=00000003-0000-0010-8000-00AA00389B71.
[LOG] OutputWASAPI::init                       : Output buffer size: 4096 samples, latency: 0.00ms, period: 10.00ms, DSP buffer: 1024 * 4
[LOG] Thread::initThread                       : Init FMOD stream thread. Affinity: 0x8000000000000003, Priority: 0xFFFF7FFB, Stack Size: 98304, Semaphore: No, Sleep Time: 10, Looping: Yes.
[LOG] Thread::initThread                       : Init FMOD mixer thread. Affinity: 0x8000000000000001, Priority: 0xFFFF7FFA, Stack Size: 81920, Semaphore: No, Sleep Time: 0, Looping: Yes.
[LOG] AsyncManager::init                       : manager 000001F3F1FF7738 isAsync 0 updatePeriod 0.02
[LOG] AsyncManager::init                       : done
[LOG] PlaybackSystem::init                     : 
[LOG] Thread::initThread                       : Init FMOD Studio sample load thread. Affinity: 0x8000000000000003, Priority: 0xFFFF7FFD, Stack Size: 98304, Semaphore: No, Sleep Time: 1, Looping: No.
[LOG] PlaybackSystem::init                     : done
[LOG] Thread::initThread                       : Init FMOD Studio bank load thread. Affinity: 0x8000000000000003, Priority: 0xFFFF7FFD, Stack Size: 98304, Semaphore: No, Sleep Time: 1, Looping: No.
[LOG] Manager::init                            : done.
[LOG] Manager::readBank                        : fileversion = 135, compatVersion = 132 (oldest = 44, newest = 135)
[LOG] Manager::readBank                        : fileversion = 135, compatVersion = 132 (oldest = 44, newest = 135)
[LOG] SystemI::createSound                     : filename = Assets/FMOD/SmokeAndMirrors/Build/Master.bank : mode 02010082
[LOG] SystemI::createSound                     : FMOD_NONBLOCKING specified.  Putting into queue to be opened asynchronously!
[LOG] SystemI::createSound                     : setdata soundi = 000001F3F2978D48 : node = 000001F35695DD30
[LOG] SystemI::createSound                     : add node to async list : head = 000001F3F197CD28.  list count = 0
[LOG] AsyncThread::threadFunc                  : Starting Asynchronous operation on sound 000001F3F2978D48
[LOG] SystemI::createSoundInternal             :     Create name='Assets/FMOD/SmokeAndMirrors/Build/Master.bank', mode=0x02010082
[LOG] SystemI::createSoundInternal             :     exinfo->cbsize             = 224
[LOG] SystemI::createSoundInternal             :     exinfo->length             = 2947296
[LOG] SystemI::createSoundInternal             :     exinfo->fileoffset         = 22560
[LOG] SystemI::createSoundInternal             :     exinfo->numsubsounds       = 1
[LOG] SystemI::createSoundInternal             :     exinfo->inclusionlist      = 000001F35695DE40
[LOG] SystemI::createSoundInternal             :     exinfo->inclusionlistnum   = 1
[LOG] SystemI::createSoundInternal             :     exinfo->suggestedsoundtype = 5
[LOG] SystemI::createSoundInternal             :     exinfo->initialseekpostype = 1
[LOG] SystemI::createSound                     :     filename = Assets/FMOD/SmokeAndMirrors/Build/Master.bank : mode 02010082
[LOG] SystemI::createSound                     :     FMOD_NONBLOCKING specified.  Putting into queue to be opened asynchronously!
[LOG] SystemI::createSound                     :     setdata soundi = 000001F3F2C6B398 : node = 000001F35695DE70
[LOG] SystemI::createSoundInternal             :     Stream 0/1: name='Music_Hubtest', format=5, channels=2, frequency=48000, lengthbytes=1292320, lengthpcm=4646870, pcmblocksize=0, loopstart=0, loopend=0, mode=0x00000000, channelmask=0x00000000, channelorder=0, peakvolume=0.538971.
[LOG] SystemI::createSound                     :     add node to async list : head = 000001F3F197CD28.  list count = 0
[LOG] SystemI::createSoundInternal             :     Create name='', mode=0x02000202
[LOG] SystemI::createSoundInternal             :     exinfo->cbsize             = 224
[LOG] SystemI::createSoundInternal             :     exinfo->length             = 2947296
[LOG] SystemI::createSoundInternal             :     exinfo->fileoffset         = 22560
[LOG] SystemI::createSoundInternal             :     exinfo->numsubsounds       = 1
[LOG] SystemI::createSoundInternal             :     exinfo->inclusionlist      = 0000006A98A8F2B8
[LOG] SystemI::createSoundInternal             :     exinfo->inclusionlistnum   = 1
[LOG] SystemI::createSoundInternal             :     exinfo->suggestedsoundtype = 5
[LOG] SystemI::createSoundInternal             :     exinfo->useropen           = 00007FFE72037B10
[LOG] SystemI::createSoundInternal             :     exinfo->userclose          = 00007FFE72037AE0
[LOG] SystemI::createSoundInternal             :     exinfo->userread           = 00007FFE72037BE0
[LOG] SystemI::createSoundInternal             :     exinfo->userseek           = 00007FFE72037CA0
[LOG] SystemI::createSoundInternal             :     exinfo->fileuserdata       = 000001F45698BCB8
[LOG] SystemI::createSoundInternal             :     exinfo->initialseekpostype = 1
[LOG] SystemI::DSPCodecPoolRegister            :     register codec pool for pool type 5
[LOG] SystemI::createSoundInternal             :     Sample 0/1: name='VO_Mori_Intro3', format=5, channels=2, frequency=48000, lengthbytes=31488, lengthpcm=138453, pcmblocksize=0, loopstart=0, loopend=0, mode=0x00000000, channelmask=0x00000000, channelorder=0, peakvolume=0.444133.
[LOG] SystemI::createSoundInternal             :     Create name='', mode=0x02000202
[LOG] SystemI::createSoundInternal             :     exinfo->cbsize             = 224
[LOG] SystemI::createSoundInternal             :     exinfo->length             = 2947296
[LOG] SystemI::createSoundInternal             :     exinfo->fileoffset         = 22560
[LOG] SystemI::createSoundInternal             :     exinfo->numsubsounds       = 1
[LOG] SystemI::createSoundInternal             :     exinfo->inclusionlist      = 0000006A98A8F2B8
[LOG] SystemI::createSoundInternal             :     exinfo->inclusionlistnum   = 1
[LOG] SystemI::createSoundInternal             :     exinfo->suggestedsoundtype = 5
[LOG] SystemI::createSoundInternal             :     exinfo->useropen           = 00007FFE72037B10
[LOG] SystemI::createSoundInternal             :     exinfo->userclose          = 00007FFE72037AE0
[LOG] SystemI::createSoundInternal             :     exinfo->userread           = 00007FFE72037BE0
[LOG] SystemI::createSoundInternal             :     exinfo->userseek           = 00007FFE72037CA0
[LOG] SystemI::createSoundInternal             :     exinfo->fileuserdata       = 000001F45698BCB8
[LOG] SystemI::createSoundInternal             :     exinfo->initialseekpostype = 1
[LOG] SystemI::DSPCodecPoolRegister            : register codec pool for pool type 5
[LOG] AsyncThread::threadFunc                  : Finished Asynchronous operation on sound 000001F3F2978D48
[LOG] SystemI::createSoundInternal             : Sample 0/1: name='VO_Narrator_Intro2', format=5, channels=2, frequency=48000, lengthbytes=53088, lengthpcm=230647, pcmblocksize=0, loopstart=0, loopend=0, mode=0x00000000, channelmask=0x00000000, channelorder=0, peakvolume=0.762177.
[LOG] AsyncThread::threadFunc                  : Starting Asynchronous operation on sound 000001F3F2C6B398
[LOG] SystemI::createSoundInternal             :     Create name='Assets/FMOD/SmokeAndMirrors/Build/Master.bank', mode=0x02010082
[LOG] SystemI::createSoundInternal             :     exinfo->cbsize             = 224
[LOG] SystemI::createSoundInternal             :     exinfo->length             = 2947296
[LOG] SystemI::createSoundInternal             :     exinfo->fileoffset         = 22560
[LOG] SystemI::createSoundInternal             :     exinfo->numsubsounds       = 1
[LOG] SystemI::createSoundInternal             :     exinfo->inclusionlist      = 000001F35695DF80
[LOG] SystemI::createSoundInternal             :     exinfo->inclusionlistnum   = 1
[LOG] SystemI::createSoundInternal             :     exinfo->suggestedsoundtype = 5
[LOG] SystemI::createSoundInternal             :     Create name='', mode=0x02000202
[LOG] SystemI::createSoundInternal             :     exinfo->initialseekposition = 160
[LOG] SystemI::createSoundInternal             :     exinfo->cbsize             = 224
[LOG] SystemI::createSoundInternal             :     exinfo->initialseekpostype = 1
[LOG] SystemI::createSoundInternal             :     exinfo->length             = 2947296
[LOG] SystemI::createSoundInternal             :     exinfo->fileoffset         = 22560
[LOG] SystemI::createSoundInternal             :     exinfo->numsubsounds       = 1
[LOG] SystemI::createSoundInternal             :     exinfo->inclusionlist      = 0000006A98A8F2B8
[LOG] SystemI::createSoundInternal             :     exinfo->inclusionlistnum   = 1
[LOG] SystemI::createSoundInternal             :     exinfo->suggestedsoundtype = 5
[LOG] SystemI::createSoundInternal             :     exinfo->useropen           = 00007FFE72037B10
[LOG] SystemI::createSoundInternal             :     exinfo->userclose          = 00007FFE72037AE0
[LOG] SystemI::createSoundInternal             :     exinfo->userread           = 00007FFE72037BE0
[LOG] SystemI::createSoundInternal             :     exinfo->userseek           = 00007FFE72037CA0
[LOG] SystemI::createSoundInternal             :     exinfo->fileuserdata       = 000001F45698BCB8
[LOG] SystemI::createSoundInternal             :     exinfo->initialseekpostype = 1
[LOG] SystemI::DSPCodecPoolRegister            :     register codec pool for pool type 5
[LOG] SystemI::createSoundInternal             :     Sample 0/1: name='VO_Mori_Combat1', format=5, channels=2, frequency=48000, lengthbytes=16512, lengthpcm=70054, pcmblocksize=0, loopstart=0, loopend=0, mode=0x00000000, channelmask=0x00000000, channelorder=0, peakvolume=0.519335.
[LOG] SystemI::createSoundInternal             :     Create name='', mode=0x02000202
[LOG] SystemI::createSoundInternal             :     Stream 0/1: name='SFX_Teleport', format=5, channels=2, frequency=48000, lengthbytes=18624, lengthpcm=631682, pcmblocksize=0, loopstart=0, loopend=0, mode=0x00000000, channelmask=0x00000000, channelorder=0, peakvolume=0.036153.
[LOG] SystemI::createSoundInternal             :     exinfo->cbsize             = 224
[LOG] SystemI::createSoundInternal             :     exinfo->length             = 2947296
[LOG] SystemI::createSoundInternal             :     exinfo->fileoffset         = 22560
[LOG] SystemI::createSoundInternal             :     exinfo->numsubsounds       = 1
[LOG] SystemI::createSoundInternal             :     exinfo->inclusionlist      = 0000006A98A8F2B8
[LOG] SystemI::createSoundInternal             :     exinfo->inclusionlistnum   = 1
[LOG] SystemI::createSoundInternal             :     exinfo->suggestedsoundtype = 5
[LOG] SystemI::createSoundInternal             :     exinfo->useropen           = 00007FFE72037B10
[LOG] SystemI::createSoundInternal             :     exinfo->userclose          = 00007FFE72037AE0
[LOG] SystemI::createSoundInternal             :     exinfo->userread           = 00007FFE72037BE0
[LOG] SystemI::createSoundInternal             :     exinfo->userseek           = 00007FFE72037CA0
[LOG] SystemI::createSoundInternal             :     exinfo->fileuserdata       = 000001F45698BCB8
[LOG] SystemI::createSoundInternal             :     exinfo->initialseekpostype = 1
[LOG] SystemI::DSPCodecPoolRegister            :     register codec pool for pool type 5
[LOG] SystemI::createSoundInternal             :     Sample 0/1: name='VO_Alex_Intro2', format=5, channels=2, frequency=48000, lengthbytes=29184, lengthpcm=127048, pcmblocksize=0, loopstart=0, loopend=0, mode=0x00000000, channelmask=0x00000000, channelorder=0, peakvolume=0.571854.
[LOG] SystemI::createSoundInternal             :     Create name='', mode=0x02000202
[LOG] SystemI::createSoundInternal             :     exinfo->cbsize             = 224
[LOG] SystemI::createSoundInternal             :     exinfo->length             = 2947296
[LOG] SystemI::createSoundInternal             :     exinfo->fileoffset         = 22560
[LOG] SystemI::createSoundInternal             :     exinfo->numsubsounds       = 1
[LOG] SystemI::createSoundInternal             :     exinfo->inclusionlist      = 0000006A98A8F2B8
[LOG] SystemI::createSoundInternal             :     exinfo->inclusionlistnum   = 1
[LOG] SystemI::createSoundInternal             :     exinfo->suggestedsoundtype = 5
[LOG] SystemI::createSoundInternal             :     exinfo->useropen           = 00007FFE72037B10
[LOG] SystemI::createSoundInternal             :     exinfo->userclose          = 00007FFE72037AE0
[LOG] SystemI::createSoundInternal             :     exinfo->userread           = 00007FFE72037BE0
[LOG] SystemI::createSoundInternal             :     exinfo->userseek           = 00007FFE72037CA0
[LOG] SystemI::createSoundInternal             :     exinfo->fileuserdata       = 000001F45698BCB8
[LOG] SystemI::createSoundInternal             :     exinfo->initialseekpostype = 1
[LOG] SystemI::DSPCodecPoolRegister            :     register codec pool for pool type 5
[LOG] SystemI::createSoundInternal             :     Sample 0/1: name='VO_Narrator_CombatTutorial_2', format=5, channels=2, frequency=48000, lengthbytes=55616, lengthpcm=238928, pcmblocksize=0, loopstart=0, loopend=0, mode=0x00000000, channelmask=0x00000000, channelorder=0, peakvolume=0.986237.
[LOG] SystemI::createSoundInternal             :     Create name='', mode=0x02000202
[LOG] SystemI::createSoundInternal             :     exinfo->cbsize             = 224
[LOG] SystemI::createSoundInternal             :     exinfo->length             = 2947296
[LOG] SystemI::createSoundInternal             :     exinfo->fileoffset         = 22560
[LOG] SystemI::createSoundInternal             :     exinfo->numsubsounds       = 1
[LOG] SystemI::createSoundInternal             :     exinfo->inclusionlist      = 0000006A98A8F2B8
[LOG] SystemI::createSoundInternal             :     exinfo->inclusionlistnum   = 1
[LOG] SystemI::createSoundInternal             :     exinfo->suggestedsoundtype = 5
[LOG] SystemI::createSoundInternal             :     exinfo->useropen           = 00007FFE72037B10
[LOG] SystemI::createSoundInternal             :     exinfo->userclose          = 00007FFE72037AE0
[LOG] SystemI::createSoundInternal             :     exinfo->userread           = 00007FFE72037BE0
[LOG] SystemI::createSoundInternal             :     exinfo->userseek           = 00007FFE72037CA0
[LOG] SystemI::createSoundInternal             :     exinfo->fileuserdata       = 000001F45698BCB8
[LOG] SystemI::createSoundInternal             :     exinfo->initialseekpostype = 1
[LOG] SystemI::DSPCodecPoolRegister            :     register codec pool for pool type 5
[LOG] SystemI::createSoundInternal             :     Sample 0/1: name='VO_Narrator_ItemTutorial_2', format=5, channels=2, frequency=48000, lengthbytes=55328, lengthpcm=244729, pcmblocksize=0, loopstart=0, loopend=0, mode=0x00000000, channelmask=0x00000000, channelorder=0, peakvolume=0.652496.
[LOG] SystemI::createSoundInternal             :     Create name='', mode=0x02000202
[LOG] SystemI::createSoundInternal             :     exinfo->cbsize             = 224
[LOG] SystemI::createSoundInternal             :     exinfo->length             = 2947296
[LOG] SystemI::createSoundInternal             :     exinfo->fileoffset         = 22560
[LOG] SystemI::createSoundInternal             :     exinfo->numsubsounds       = 1
[LOG] SystemI::createSoundInternal             : exinfo->inclusionlist      = 0000006A98A8F2B8
[LOG] AsyncThread::threadFunc                  : Finished Asynchronous operation on sound 000001F3F2C6B398
[LOG] SystemI::createSoundInternal             : exinfo->inclusionlistnum   = 1
[LOG] SystemI::createSoundInternal             : exinfo->suggestedsoundtype = 5
[LOG] SystemI::createSoundInternal             : exinfo->useropen           = 00007FFE72037B10
[LOG] SystemI::createSoundInternal             : exinfo->userclose          = 00007FFE72037AE0
[LOG] SystemI::createSoundInternal             : exinfo->userread           = 00007FFE72037BE0
[LOG] SystemI::createSoundInternal             : exinfo->userseek           = 00007FFE72037CA0
[LOG] SystemI::createSoundInternal             : exinfo->fileuserdata       = 000001F45698BCB8
[LOG] SystemI::createSoundInternal             : exinfo->initialseekpostype = 1
[LOG] SystemI::DSPCodecPoolRegister            : register codec pool for pool type 5
[LOG] SystemI::createSoundInternal             : Sample 0/1: name='VO_Narrator_CombatTutorial_3', format=5, channels=2, frequency=48000, lengthbytes=57024, lengthpcm=251217, pcmblocksize=0, loopstart=0, loopend=0, mode=0x00000000, channelmask=0x00000000, channelorder=0, peakvolume=0.967499.
[LOG] SystemI::createSoundInternal             : Create name='', mode=0x02000202
[LOG] SystemI::createSoundInternal             : exinfo->cbsize             = 224
[LOG] SystemI::createSoundInternal             : exinfo->length             = 2947296
[LOG] SystemI::createSoundInternal             : exinfo->fileoffset         = 22560
[LOG] SystemI::createSoundInternal             : exinfo->numsubsounds       = 1
[LOG] SystemI::createSoundInternal             : exinfo->inclusionlist      = 0000006A98A8F2B8
[LOG] SystemI::createSoundInternal             : exinfo->inclusionlistnum   = 1
[LOG] SystemI::createSoundInternal             : exinfo->suggestedsoundtype = 5
[LOG] SystemI::createSoundInternal             : exinfo->useropen           = 00007FFE72037B10
[LOG] SystemI::createSoundInternal             : exinfo->userclose          = 00007FFE72037AE0
[LOG] SystemI::createSoundInternal             : exinfo->userread           = 00007FFE72037BE0
[LOG] SystemI::createSoundInternal             : exinfo->userseek           = 00007FFE72037CA0
[LOG] SystemI::createSoundInternal             : exinfo->fileuserdata       = 000001F45698BCB8
[LOG] SystemI::createSoundInternal             : exinfo->initialseekpostype = 1
[LOG] SystemI::DSPCodecPoolRegister            : register codec pool for pool type 5
[LOG] SystemI::createSoundInternal             : Sample 0/1: name='VO_Mori_Combat2', format=5, channels=2, frequency=48000, lengthbytes=42400, lengthpcm=188649, pcmblocksize=0, loopstart=0, loopend=0, mode=0x00000000, channelmask=0x00000000, channelorder=0, peakvolume=0.686032.
[LOG] SystemI::createSoundInternal             : Create name='', mode=0x02000202
[LOG] SystemI::createSoundInternal             : exinfo->cbsize             = 224
[LOG] SystemI::createSoundInternal             : exinfo->length             = 2947296
[LOG] SystemI::createSoundInternal             : exinfo->fileoffset         = 22560
[LOG] SystemI::createSoundInternal             : exinfo->numsubsounds       = 1
[LOG] SystemI::createSoundInternal             : exinfo->inclusionlist      = 0000006A98A8F2B8
[LOG] SystemI::createSoundInternal             : exinfo->inclusionlistnum   = 1
[LOG] SystemI::createSoundInternal             : exinfo->suggestedsoundtype = 5
[LOG] SystemI::createSoundInternal             : exinfo->useropen           = 00007FFE72037B10
[LOG] SystemI::createSoundInternal             : exinfo->userclose          = 00007FFE72037AE0
[LOG] SystemI::createSoundInternal             : exinfo->userread           = 00007FFE72037BE0
[LOG] SystemI::createSoundInternal             : exinfo->userseek           = 00007FFE72037CA0
[LOG] SystemI::createSoundInternal             : exinfo->fileuserdata       = 000001F45698BCB8
[LOG] SystemI::createSoundInternal             : exinfo->initialseekpostype = 1
[LOG] SystemI::DSPCodecPoolRegister            : register codec pool for pool type 5
[LOG] SystemI::createSoundInternal             : Sample 0/1: name='VO_Narrator_ItemTutorial_1', format=5, channels=2, frequency=48000, lengthbytes=41536, lengthpcm=180275, pcmblocksize=0, loopstart=0, loopend=0, mode=0x00000000, channelmask=0x00000000, channelorder=0, peakvolume=0.949738.
[LOG] SystemI::createSoundInternal             : Create name='', mode=0x02000202
[LOG] SystemI::createSoundInternal             : exinfo->cbsize             = 224
[LOG] SystemI::createSoundInternal             : exinfo->length             = 2947296
[LOG] SystemI::createSoundInternal             : exinfo->fileoffset         = 22560
[LOG] SystemI::createSoundInternal             : exinfo->numsubsounds       = 1
[LOG] SystemI::createSoundInternal             : exinfo->inclusionlist      = 0000006A98A8F2B8
[LOG] SystemI::createSoundInternal             : exinfo->inclusionlistnum   = 1
[LOG] SystemI::createSoundInternal             : exinfo->suggestedsoundtype = 5
[LOG] SystemI::createSoundInternal             : exinfo->useropen           = 00007FFE72037B10
[LOG] SystemI::createSoundInternal             : exinfo->userclose          = 00007FFE72037AE0
[LOG] SystemI::createSoundInternal             : exinfo->userread           = 00007FFE72037BE0
[LOG] SystemI::createSoundInternal             : exinfo->userseek           = 00007FFE72037CA0
[LOG] SystemI::createSoundInternal             : exinfo->fileuserdata       = 000001F45698BCB8
[LOG] SystemI::createSoundInternal             : exinfo->initialseekpostype = 1
[LOG] SystemI::DSPCodecPoolRegister            : register codec pool for pool type 5
[LOG] SystemI::createSoundInternal             : Sample 0/1: name='VO_Scarlett_Intro3', format=5, channels=2, frequency=48000, lengthbytes=21568, lengthpcm=97494, pcmblocksize=0, loopstart=0, loopend=0, mode=0x00000000, channelmask=0x00000000, channelorder=0, peakvolume=0.297668.
[LOG] SystemI::createSoundInternal             : Create name='', mode=0x02000202
[LOG] SystemI::createSoundInternal             : exinfo->cbsize             = 224
[LOG] SystemI::createSoundInternal             : exinfo->length             = 2947296
[LOG] SystemI::createSoundInternal             : exinfo->fileoffset         = 22560
[LOG] SystemI::createSoundInternal             : exinfo->numsubsounds       = 1
[LOG] SystemI::createSoundInternal             : exinfo->inclusionlist      = 0000006A98A8F2B8
[LOG] SystemI::createSoundInternal             : exinfo->inclusionlistnum   = 1
[LOG] SystemI::createSoundInternal             : exinfo->suggestedsoundtype = 5
[LOG] SystemI::createSoundInternal             : exinfo->useropen           = 00007FFE72037B10
[LOG] SystemI::createSoundInternal             : exinfo->userclose          = 00007FFE72037AE0
[LOG] SystemI::createSoundInternal             : exinfo->userread           = 00007FFE72037BE0
[LOG] SystemI::createSoundInternal             : exinfo->userseek           = 00007FFE72037CA0
[LOG] SystemI::createSoundInternal             : exinfo->fileuserdata       = 000001F45698BCB8
[LOG] SystemI::createSoundInternal             : exinfo->initialseekpostype = 1
[LOG] SystemI::DSPCodecPoolRegister            : register codec pool for pool type 5
[LOG] SystemI::createSoundInternal             : Sample 0/1: name='VO_Scarlett_Intro1', format=5, channels=2, frequency=48000, lengthbytes=37728, lengthpcm=187514, pcmblocksize=0, loopstart=0, loopend=0, mode=0x00000000, channelmask=0x00000000, channelorder=0, peakvolume=0.783783.
[LOG] SystemI::createSoundInternal             : Create name='', mode=0x02000202
[LOG] SystemI::createSoundInternal             : exinfo->cbsize             = 224
[LOG] SystemI::createSoundInternal             : exinfo->length             = 2947296
[LOG] SystemI::createSoundInternal             : exinfo->fileoffset         = 22560
[LOG] SystemI::createSoundInternal             : exinfo->numsubsounds       = 1
[LOG] SystemI::createSoundInternal             : exinfo->inclusionlist      = 0000006A98A8F2B8
[LOG] SystemI::createSoundInternal             : exinfo->inclusionlistnum   = 1
[LOG] SystemI::createSoundInternal             : exinfo->suggestedsoundtype = 5
[LOG] SystemI::createSoundInternal             : exinfo->useropen           = 00007FFE72037B10
[LOG] SystemI::createSoundInternal             : exinfo->userclose          = 00007FFE72037AE0
[LOG] SystemI::createSoundInternal             : exinfo->userread           = 00007FFE72037BE0
[LOG] SystemI::createSoundInternal             : exinfo->userseek           = 00007FFE72037CA0
[LOG] SystemI::createSoundInternal             : exinfo->fileuserdata       = 000001F45698BCB8
[LOG] SystemI::createSoundInternal             : exinfo->initialseekpostype = 1
[LOG] SystemI::DSPCodecPoolRegister            : register codec pool for pool type 5
[LOG] SystemI::createSoundInternal             : Sample 0/1: name='VO_Scarlett_Intro2', format=5, channels=2, frequency=48000, lengthbytes=16160, lengthpcm=80680, pcmblocksize=0, loopstart=0, loopend=0, mode=0x00000000, channelmask=0x00000000, channelorder=0, peakvolume=0.569275.
[LOG] SystemI::createSoundInternal             : Create name='', mode=0x02000202
[LOG] SystemI::createSoundInternal             : exinfo->cbsize             = 224
[LOG] SystemI::createSoundInternal             : exinfo->length             = 2947296
[LOG] SystemI::createSoundInternal             : exinfo->fileoffset         = 22560
[LOG] SystemI::createSoundInternal             : exinfo->numsubsounds       = 1
[LOG] SystemI::createSoundInternal             : exinfo->inclusionlist      = 0000006A98A8F2B8
[LOG] SystemI::createSoundInternal             : exinfo->inclusionlistnum   = 1
[LOG] SystemI::createSoundInternal             : exinfo->suggestedsoundtype = 5
[LOG] SystemI::createSoundInternal             : exinfo->useropen           = 00007FFE72037B10
[LOG] SystemI::createSoundInternal             : exinfo->userclose          = 00007FFE72037AE0
[LOG] SystemI::createSoundInternal             : exinfo->userread           = 00007FFE72037BE0
[LOG] SystemI::createSoundInternal             : exinfo->userseek           = 00007FFE72037CA0
[LOG] SystemI::createSoundInternal             : exinfo->fileuserdata       = 000001F45698BCB8
[LOG] SystemI::createSoundInternal             : exinfo->initialseekpostype = 1
[LOG] SystemI::DSPCodecPoolRegister            : register codec pool for pool type 5
[LOG] SystemI::createSoundInternal             : Sample 0/1: name='VO_Scarlett_Intro4', format=5, channels=2, frequency=48000, lengthbytes=21344, lengthpcm=112044, pcmblocksize=0, loopstart=0, loopend=0, mode=0x00000000, channelmask=0x00000000, channelorder=0, peakvolume=0.739227.
[LOG] SystemI::createSoundInternal             : Create name='', mode=0x02000202
[LOG] SystemI::createSoundInternal             : exinfo->cbsize             = 224
[LOG] SystemI::createSoundInternal             : exinfo->length             = 2947296
[LOG] SystemI::createSoundInternal             : exinfo->fileoffset         = 22560
[LOG] SystemI::createSoundInternal             : exinfo->numsubsounds       = 1
[LOG] SystemI::createSoundInternal             : exinfo->inclusionlist      = 0000006A98A8F2B8
[LOG] SystemI::createSoundInternal             : exinfo->inclusionlistnum   = 1
[LOG] SystemI::createSoundInternal             : exinfo->suggestedsoundtype = 5
[LOG] SystemI::createSoundInternal             : exinfo->useropen           = 00007FFE72037B10
[LOG] SystemI::createSoundInternal             : exinfo->userclose          = 00007FFE72037AE0
[LOG] SystemI::createSoundInternal             : exinfo->userread           = 00007FFE72037BE0
[LOG] SystemI::createSoundInternal             : exinfo->userseek           = 00007FFE72037CA0
[LOG] SystemI::createSoundInternal             : exinfo->fileuserdata       = 000001F45698BCB8
[LOG] SystemI::createSoundInternal             : exinfo->initialseekpostype = 1
[LOG] SystemI::DSPCodecPoolRegister            : register codec pool for pool type 5
[LOG] SystemI::createSoundInternal             : Sample 0/1: name='VO_Scarlett_Intro5', format=5, channels=2, frequency=48000, lengthbytes=21600, lengthpcm=110513, pcmblocksize=0, loopstart=0, loopend=0, mode=0x00000000, channelmask=0x00000000, channelorder=0, peakvolume=0.813812.
[LOG] SystemI::createSoundInternal             : Create name='', mode=0x02000202
[LOG] SystemI::createSoundInternal             : exinfo->cbsize             = 224
[LOG] SystemI::createSoundInternal             : exinfo->length             = 2947296
[LOG] SystemI::createSoundInternal             : exinfo->fileoffset         = 22560
[LOG] SystemI::createSoundInternal             : exinfo->numsubsounds       = 1
[LOG] SystemI::createSoundInternal             : exinfo->inclusionlist      = 0000006A98A8F2B8
[LOG] SystemI::createSoundInternal             : exinfo->inclusionlistnum   = 1
[LOG] SystemI::createSoundInternal             : exinfo->suggestedsoundtype = 5
[LOG] SystemI::createSoundInternal             : exinfo->useropen           = 00007FFE72037B10
[LOG] SystemI::createSoundInternal             : exinfo->userclose          = 00007FFE72037AE0
[LOG] SystemI::createSoundInternal             : exinfo->userread           = 00007FFE72037BE0
[LOG] SystemI::createSoundInternal             : exinfo->userseek           = 00007FFE72037CA0
[LOG] SystemI::createSoundInternal             : exinfo->fileuserdata       = 000001F45698BCB8
[LOG] SystemI::createSoundInternal             : exinfo->initialseekpostype = 1
[LOG] SystemI::DSPCodecPoolRegister            : register codec pool for pool type 5
[LOG] SystemI::createSoundInternal             : Sample 0/1: name='VO_Mori_Intro2', format=5, channels=2, frequency=48000, lengthbytes=36128, lengthpcm=160960, pcmblocksize=0, loopstart=0, loopend=0, mode=0x00000000, channelmask=0x00000000, channelorder=0, peakvolume=0.329000.
[LOG] SystemI::createSoundInternal             : Create name='', mode=0x02000202
[LOG] SystemI::createSoundInternal             : exinfo->cbsize             = 224
[LOG] SystemI::createSoundInternal             : exinfo->length             = 2947296
[LOG] SystemI::createSoundInternal             : exinfo->fileoffset         = 22560
[LOG] SystemI::createSoundInternal             : exinfo->numsubsounds       = 1
[LOG] SystemI::createSoundInternal             : exinfo->inclusionlist      = 0000006A98A8F2B8
[LOG] SystemI::createSoundInternal             : exinfo->inclusionlistnum   = 1
[LOG] SystemI::createSoundInternal             : exinfo->suggestedsoundtype = 5
[LOG] SystemI::createSoundInternal             : exinfo->useropen           = 00007FFE72037B10
[LOG] SystemI::createSoundInternal             : exinfo->userclose          = 00007FFE72037AE0
[LOG] SystemI::createSoundInternal             : exinfo->userread           = 00007FFE72037BE0
[LOG] SystemI::createSoundInternal             : exinfo->userseek           = 00007FFE72037CA0
[LOG] SystemI::createSoundInternal             : exinfo->fileuserdata       = 000001F45698BCB8
[LOG] SystemI::createSoundInternal             : exinfo->initialseekpostype = 1
[LOG] SystemI::DSPCodecPoolRegister            : register codec pool for pool type 5
[LOG] SystemI::createSoundInternal             : Sample 0/1: name='VO_Narrator_Intro1', format=5, channels=2, frequency=48000, lengthbytes=76640, lengthpcm=325758, pcmblocksize=0, loopstart=0, loopend=0, mode=0x00000000, channelmask=0x00000000, channelorder=0, peakvolume=0.734375.
[LOG] SystemI::createSoundInternal             : Create name='', mode=0x02000202
[LOG] SystemI::createSoundInternal             : exinfo->cbsize             = 224
[LOG] SystemI::createSoundInternal             : exinfo->length             = 2947296
[LOG] SystemI::createSoundInternal             : exinfo->fileoffset         = 22560
[LOG] SystemI::createSoundInternal             : exinfo->numsubsounds       = 1
[LOG] SystemI::createSoundInternal             : exinfo->inclusionlist      = 0000006A98A8F2B8
[LOG] SystemI::createSoundInternal             : exinfo->inclusionlistnum   = 1
[LOG] SystemI::createSoundInternal             : exinfo->suggestedsoundtype = 5
[LOG] SystemI::createSoundInternal             : exinfo->useropen           = 00007FFE72037B10
[LOG] SystemI::createSoundInternal             : exinfo->userclose          = 00007FFE72037AE0
[LOG] SystemI::createSoundInternal             : exinfo->userread           = 00007FFE72037BE0
[LOG] SystemI::createSoundInternal             : exinfo->userseek           = 00007FFE72037CA0
[LOG] SystemI::createSoundInternal             : exinfo->fileuserdata       = 000001F45698BCB8
[LOG] SystemI::createSoundInternal             : exinfo->initialseekpostype = 1
[LOG] SystemI::DSPCodecPoolRegister            : register codec pool for pool type 5
[LOG] SystemI::createSoundInternal             : Sample 0/1: name='VO_Narrator_CombatTutorial_1', format=5, channels=2, frequency=48000, lengthbytes=32608, lengthpcm=144069, pcmblocksize=0, loopstart=0, loopend=0, mode=0x00000000, channelmask=0x00000000, channelorder=0, peakvolume=0.711975.
[LOG] SystemI::createSoundInternal             : Create name='', mode=0x02000202
[LOG] SystemI::createSoundInternal             : exinfo->cbsize             = 224
[LOG] SystemI::createSoundInternal             : exinfo->length             = 2947296
[LOG] SystemI::createSoundInternal             : exinfo->fileoffset         = 22560
[LOG] SystemI::createSoundInternal             : exinfo->numsubsounds       = 1
[LOG] SystemI::createSoundInternal             : exinfo->inclusionlist      = 0000006A98A8F2B8
[LOG] SystemI::createSoundInternal             : exinfo->inclusionlistnum   = 1
[LOG] SystemI::createSoundInternal             : exinfo->suggestedsoundtype = 5
[LOG] SystemI::createSoundInternal             : exinfo->useropen           = 00007FFE72037B10
[LOG] SystemI::createSoundInternal             : exinfo->userclose          = 00007FFE72037AE0
[LOG] SystemI::createSoundInternal             : exinfo->userread           = 00007FFE72037BE0
[LOG] SystemI::createSoundInternal             : exinfo->userseek           = 00007FFE72037CA0
[LOG] SystemI::createSoundInternal             : exinfo->fileuserdata       = 000001F45698BCB8
[LOG] SystemI::createSoundInternal             : exinfo->initialseekpostype = 1
[LOG] SystemI::DSPCodecPoolRegister            : register codec pool for pool type 5
[LOG] SystemI::createSoundInternal             : Sample 0/1: name='VO_Mori_Intro1', format=5, channels=2, frequency=48000, lengthbytes=26464, lengthpcm=117310, pcmblocksize=0, loopstart=0, loopend=0, mode=0x00000000, channelmask=0x00000000, channelorder=0, peakvolume=0.526062.
[LOG] SystemI::createSoundInternal             : Create name='', mode=0x02000202
[LOG] SystemI::createSoundInternal             : exinfo->cbsize             = 224
[LOG] SystemI::createSoundInternal             : exinfo->length             = 2947296
[LOG] SystemI::createSoundInternal             : exinfo->fileoffset         = 22560
[LOG] SystemI::createSoundInternal             : exinfo->numsubsounds       = 1
[LOG] SystemI::createSoundInternal             : exinfo->inclusionlist      = 0000006A98A8F2B8
[LOG] SystemI::createSoundInternal             : exinfo->inclusionlistnum   = 1
[LOG] SystemI::createSoundInternal             : exinfo->suggestedsoundtype = 5
[LOG] SystemI::createSoundInternal             : exinfo->useropen           = 00007FFE72037B10
[LOG] SystemI::createSoundInternal             : exinfo->userclose          = 00007FFE72037AE0
[LOG] SystemI::createSoundInternal             : exinfo->userread           = 00007FFE72037BE0
[LOG] SystemI::createSoundInternal             : exinfo->userseek           = 00007FFE72037CA0
[LOG] SystemI::createSoundInternal             : exinfo->fileuserdata       = 000001F45698BCB8
[LOG] SystemI::createSoundInternal             : exinfo->initialseekpostype = 1
[LOG] SystemI::DSPCodecPoolRegister            : register codec pool for pool type 5
[LOG] SystemI::createSoundInternal             : Sample 0/1: name='VO_Alex_Intro1', format=5, channels=2, frequency=48000, lengthbytes=36064, lengthpcm=162624, pcmblocksize=0, loopstart=0, loopend=0, mode=0x00000000, channelmask=0x00000000, channelorder=0, peakvolume=0.571837.
[LOG] SoundI::release                          : twilight (000001F418467AA8)
[LOG] SoundI::release                          :     twilight (000001F3F2ABD088)
[LOG] SoundI::release                          :     twilight (000001F41846AEF8)
[LOG] SoundI::release                          : SFX_Teleport (000001F3F2C6B398)
[LOG] SoundI::release                          :     SFX_Teleport (000001F45850D6E8)
[LOG] SoundI::release                          :     SFX_Teleport (000001F419F5BE88)
[LOG] SystemI::createSoundInternal             : Create name='', mode=0x02000202
[LOG] SystemI::createSoundInternal             : exinfo->cbsize             = 224
[LOG] SystemI::createSoundInternal             : exinfo->length             = 2947296
[LOG] SystemI::createSoundInternal             : exinfo->fileoffset         = 22560
[LOG] SystemI::createSoundInternal             : exinfo->numsubsounds       = 1
[LOG] SystemI::createSoundInternal             : exinfo->inclusionlist      = 0000006A98A8F2B8
[LOG] SystemI::createSoundInternal             : exinfo->inclusionlistnum   = 1
[LOG] SystemI::createSoundInternal             : exinfo->suggestedsoundtype = 5
[LOG] SystemI::createSoundInternal             : exinfo->useropen           = 00007FFE72037B10
[LOG] SystemI::createSoundInternal             : exinfo->userclose          = 00007FFE72037AE0
[LOG] SystemI::createSoundInternal             : exinfo->userread           = 00007FFE72037BE0
[LOG] SystemI::createSoundInternal             : exinfo->userseek           = 00007FFE72037CA0
[LOG] SystemI::createSoundInternal             : exinfo->fileuserdata       = 000001F3C1C31528
[LOG] SystemI::createSoundInternal             : exinfo->initialseekpostype = 1
[LOG] SystemI::DSPCodecPoolRegister            : register codec pool for pool type 5
[LOG] SystemI::createSoundInternal             : Sample 0/1: name='step2', format=5, channels=1, frequency=48000, lengthbytes=1760, lengthpcm=9909, pcmblocksize=0, loopstart=0, loopend=0, mode=0x00000000, channelmask=0x00000000, channelorder=0, peakvolume=0.999969.
[LOG] Manager::readBank                        : fileversion = 135, compatVersion = 132 (oldest = 44, newest = 135)
[LOG] Manager::readBank                        : fileversion = 135, compatVersion = 132 (oldest = 44, newest = 135)
[LOG] Manager::readBank                        : fileversion = 135, compatVersion = 132 (oldest = 44, newest = 135)
[LOG] SystemI::createSoundInternal             : Create name='', mode=0x02000202
[LOG] SystemI::createSoundInternal             : exinfo->cbsize             = 224
[LOG] SystemI::createSoundInternal             : exinfo->length             = 2947296
[LOG] SystemI::createSoundInternal             : exinfo->fileoffset         = 22560
[LOG] SystemI::createSoundInternal             : exinfo->numsubsounds       = 1
[LOG] SystemI::createSoundInternal             : exinfo->inclusionlist      = 0000006A98A8F2B8
[LOG] SystemI::createSoundInternal             : exinfo->inclusionlistnum   = 1
[LOG] SystemI::createSoundInternal             : exinfo->suggestedsoundtype = 5
[LOG] SystemI::createSoundInternal             : exinfo->useropen           = 00007FFE72037B10
[LOG] SystemI::createSoundInternal             : exinfo->userclose          = 00007FFE72037AE0
[LOG] SystemI::createSoundInternal             : exinfo->userread           = 00007FFE72037BE0
[LOG] SystemI::createSoundInternal             : exinfo->userseek           = 00007FFE72037CA0
[LOG] SystemI::createSoundInternal             : exinfo->fileuserdata       = 000001F3C14B3648
[LOG] SystemI::createSoundInternal             : exinfo->initialseekpostype = 1
[LOG] SystemI::DSPCodecPoolRegister            : register codec pool for pool type 5
[LOG] SystemI::createSoundInternal             : Sample 0/1: name='SFX_Fireball', format=5, channels=2, frequency=48000, lengthbytes=20640, lengthpcm=100153, pcmblocksize=0, loopstart=0, loopend=0, mode=0x00000000, channelmask=0x00000000, channelorder=0, peakvolume=0.811786.
[LOG] Manager::readBank                        : fileversion = 135, compatVersion = 132 (oldest = 44, newest = 135)
[LOG] Manager::readBank                        : fileversion = 135, compatVersion = 132 (oldest = 44, newest = 135)
[LOG] SystemI::createSoundInternal             : Create name='', mode=0x02000202
[LOG] SystemI::createSoundInternal             : exinfo->cbsize             = 224
[LOG] SystemI::createSoundInternal             : exinfo->length             = 2947296
[LOG] SystemI::createSoundInternal             : exinfo->fileoffset         = 22560
[LOG] SystemI::createSoundInternal             : exinfo->numsubsounds       = 1
[LOG] SystemI::createSoundInternal             : exinfo->inclusionlist      = 0000006A98A8F2B8
[LOG] SystemI::createSoundInternal             : exinfo->inclusionlistnum   = 1
[LOG] SystemI::createSoundInternal             : exinfo->suggestedsoundtype = 5
[LOG] SystemI::createSoundInternal             : exinfo->useropen           = 00007FFE72037B10
[LOG] SystemI::createSoundInternal             : exinfo->userclose          = 00007FFE72037AE0
[LOG] SystemI::createSoundInternal             : exinfo->userread           = 00007FFE72037BE0
[LOG] SystemI::createSoundInternal             : exinfo->userseek           = 00007FFE72037CA0
[LOG] SystemI::createSoundInternal             : exinfo->fileuserdata       = 000001F3C14B23B8
[LOG] SystemI::createSoundInternal             : exinfo->initialseekpostype = 1
[LOG] SystemI::DSPCodecPoolRegister            : register codec pool for pool type 5
[LOG] SystemI::createSoundInternal             : Sample 0/1: name='SFX_IceAttack', format=5, channels=1, frequency=48000, lengthbytes=12192, lengthpcm=64696, pcmblocksize=0, loopstart=0, loopend=0, mode=0x00000000, channelmask=0x00000000, channelorder=0, peakvolume=0.920837.
[LOG] Manager::readBank                        : fileversion = 135, compatVersion = 132 (oldest = 44, newest = 135)
[LOG] Manager::readBank                        : fileversion = 135, compatVersion = 132 (oldest = 44, newest = 135)
[LOG] Manager::readBank                        : fileversion = 135, compatVersion = 132 (oldest = 44, newest = 135)
[LOG] SystemI::createSound                     : filename = Assets/FMOD/SmokeAndMirrors/Build/Master.bank : mode 02010082
[LOG] SystemI::createSound                     : FMOD_NONBLOCKING specified.  Putting into queue to be opened asynchronously!
[LOG] SystemI::createSound                     : setdata soundi = 000001F419F50698 : node = 000001F455CF7B50
[LOG] SystemI::createSound                     : add node to async list : head = 000001F3F197CD28.  list count = 0
[LOG] AsyncThread::threadFunc                  : Starting Asynchronous operation on sound 000001F419F50698
[LOG] SystemI::createSoundInternal             :     Create name='Assets/FMOD/SmokeAndMirrors/Build/Master.bank', mode=0x02010082
[LOG] SystemI::createSoundInternal             :     exinfo->cbsize             = 224
[LOG] SystemI::createSoundInternal             :     exinfo->length             = 2947296
[LOG] SystemI::createSoundInternal             :     exinfo->fileoffset         = 22560
[LOG] SystemI::createSoundInternal             :     exinfo->numsubsounds       = 1
[LOG] SystemI::createSoundInternal             :     exinfo->inclusionlist      = 000001F455CF7C60
[LOG] SystemI::createSoundInternal             :     exinfo->inclusionlistnum   = 1
[LOG] SystemI::createSoundInternal             :     exinfo->suggestedsoundtype = 5
[LOG] SystemI::createSoundInternal             :     exinfo->initialseekposition = 160
[LOG] SystemI::createSoundInternal             :     exinfo->initialseekpostype = 1
[LOG] SystemI::createSoundInternal             :     Stream 0/1: name='SFX_Teleport', format=5, channels=2, frequency=48000, lengthbytes=18624, lengthpcm=631682, pcmblocksize=0, loopstart=0, loopend=0, mode=0x00000000, channelmask=0x00000000, channelorder=0, peakvolume=0.036153.
[LOG] AsyncThread::threadFunc                  : Finished Asynchronous operation on sound 000001F419F50698
[LOG] Manager::readBank                        : fileversion = 135, compatVersion = 132 (oldest = 44, newest = 135)
[LOG] AsyncThread::threadFunc                  : Starting Asynchronous operation on sound 000001F419F5B618
[LOG] AsyncThread::threadFunc                  : Finished Asynchronous operation on sound 000001F419F5B618
[LOG] AsyncThread::threadFunc                  : Starting Asynchronous operation on sound 000001F419F54A18
[LOG] AsyncThread::threadFunc                  : Finished Asynchronous operation on sound 000001F419F54A18
[LOG] Manager::readBank                        : fileversion = 135, compatVersion = 132 (oldest = 44, newest = 135)
[LOG] SoundI::release                          : SFX_Teleport (000001F419F50698)
[LOG] SoundI::release                          :     SFX_Teleport (000001F3BF0A8218)
[LOG] SoundI::release                          :     SFX_Teleport (000001F419F54A18)
[LOG] Manager::readBank                        : fileversion = 135, compatVersion = 132 (oldest = 44, newest = 135)
[LOG] Manager::readBank                        : fileversion = 135, compatVersion = 132 (oldest = 44, newest = 135)
[LOG] SystemI::mixerSuspend                    : Suspending output.
[LOG] Manager::readBank                        : fileversion = 135, compatVersion = 132 (oldest = 44, newest = 135)
[LOG] Manager::readBank                        : fileversion = 135, compatVersion = 132 (oldest = 44, newest = 135)
[LOG] Manager::readBank                        : fileversion = 135, compatVersion = 132 (oldest = 44, newest = 135)
[LOG] SystemI::mixerResume                     : Resuming output.
[LOG] AsyncThread::threadFunc                  : Starting Asynchronous operation on sound 000001F419F5B618
[LOG] AsyncThread::threadFunc                  : Finished Asynchronous operation on sound 000001F419F5B618
[LOG] Manager::readBank                        : fileversion = 135, compatVersion = 132 (oldest = 44, newest = 135)
[LOG] Manager::readBank                        : fileversion = 135, compatVersion = 132 (oldest = 44, newest = 135)
[LOG] Manager::readBank                        : fileversion = 135, compatVersion = 132 (oldest = 44, newest = 135)
[LOG] Manager::readBank                        : fileversion = 135, compatVersion = 132 (oldest = 44, newest = 135)
[LOG] Manager::readBank                        : fileversion = 135, compatVersion = 132 (oldest = 44, newest = 135)
[LOG] Manager::readBank                        : fileversion = 135, compatVersion = 132 (oldest = 44, newest = 135)
[LOG] Manager::readBank                        : fileversion = 135, compatVersion = 132 (oldest = 44, newest = 135)
[LOG] SystemI::createSound                     : filename = Assets/FMOD/SmokeAndMirrors/Build/Master.bank : mode 02010082
[LOG] SystemI::createSound                     : FMOD_NONBLOCKING specified.  Putting into queue to be opened asynchronously!
[LOG] SystemI::createSound                     : setdata soundi = 000001F41846DFE8 : node = 000001F419E86E00
[LOG] SystemI::createSound                     : add node to async list : head = 000001F3F197CD28.  list count = 0
[LOG] AsyncThread::threadFunc                  : Starting Asynchronous operation on sound 000001F41846DFE8
[LOG] SystemI::createSoundInternal             :     Create name='Assets/FMOD/SmokeAndMirrors/Build/Master.bank', mode=0x02010082
[LOG] SystemI::createSoundInternal             :     exinfo->cbsize             = 224
[LOG] SystemI::createSoundInternal             :     exinfo->length             = 2947296
[LOG] SystemI::createSoundInternal             :     exinfo->fileoffset         = 22560
[LOG] SystemI::createSoundInternal             :     exinfo->numsubsounds       = 1
[LOG] SystemI::createSoundInternal             :     exinfo->inclusionlist      = 000001F419E86F10
[LOG] SystemI::createSoundInternal             :     exinfo->inclusionlistnum   = 1
[LOG] SystemI::createSoundInternal             :     exinfo->suggestedsoundtype = 5
[LOG] SystemI::createSoundInternal             :     exinfo->initialseekposition = 160
[LOG] SystemI::createSoundInternal             :     exinfo->initialseekpostype = 1
[LOG] SystemI::createSoundInternal             :     Stream 0/1: name='SFX_Teleport', format=5, channels=2, frequency=48000, lengthbytes=18624, lengthpcm=631682, pcmblocksize=0, loopstart=0, loopend=0, mode=0x00000000, channelmask=0x00000000, channelorder=0, peakvolume=0.036153.
[LOG] AsyncThread::threadFunc                  : Finished Asynchronous operation on sound 000001F41846DFE8
[LOG] Manager::readBank                        : fileversion = 135, compatVersion = 132 (oldest = 44, newest = 135)
[LOG] AsyncThread::threadFunc                  : Starting Asynchronous operation on sound 000001F419F5B618
[LOG] AsyncThread::threadFunc                  : Finished Asynchronous operation on sound 000001F419F5B618
[LOG] AsyncThread::threadFunc                  : Starting Asynchronous operation on sound 000001F41846E4F8
[LOG] AsyncThread::threadFunc                  : Finished Asynchronous operation on sound 000001F41846E4F8
[LOG] SoundI::release                          : SFX_Teleport (000001F41846DFE8)
[LOG] SoundI::release                          :     SFX_Teleport (000001F356575548)
[LOG] SoundI::release                          :     SFX_Teleport (000001F41846E4F8)
[LOG] Manager::readBank                        : fileversion = 135, compatVersion = 132 (oldest = 44, newest = 135)
[LOG] Manager::readBank                        : fileversion = 135, compatVersion = 132 (oldest = 44, newest = 135)
[LOG] SystemI::createSound                     : filename = Assets/FMOD/SmokeAndMirrors/Build/Master.bank : mode 02010082
[LOG] SystemI::createSound                     : FMOD_NONBLOCKING specified.  Putting into queue to be opened asynchronously!
[LOG] SystemI::createSound                     : setdata soundi = 000001F41846C188 : node = 000001F41823AEF0
[LOG] SystemI::createSound                     : add node to async list : head = 000001F3F197CD28.  list count = 0
[LOG] AsyncThread::threadFunc                  : Starting Asynchronous operation on sound 000001F41846C188
[LOG] SystemI::createSoundInternal             :     Create name='Assets/FMOD/SmokeAndMirrors/Build/Master.bank', mode=0x02010082
[LOG] SystemI::createSoundInternal             :     exinfo->cbsize             = 224
[LOG] SystemI::createSoundInternal             :     exinfo->length             = 2947296
[LOG] SystemI::createSoundInternal             :     exinfo->fileoffset         = 22560
[LOG] SystemI::createSoundInternal             :     exinfo->numsubsounds       = 1
[LOG] SystemI::createSoundInternal             :     exinfo->inclusionlist      = 000001F41823B000
[LOG] SystemI::createSoundInternal             :     exinfo->inclusionlistnum   = 1
[LOG] SystemI::createSoundInternal             :     exinfo->suggestedsoundtype = 5
[LOG] SystemI::createSoundInternal             :     exinfo->initialseekposition = 780
[LOG] SystemI::createSoundInternal             :     exinfo->initialseekpostype = 1
[LOG] SystemI::createSoundInternal             :     Stream 0/1: name='Music_Hubtest', format=5, channels=2, frequency=48000, lengthbytes=1292320, lengthpcm=4646870, pcmblocksize=0, loopstart=0, loopend=0, mode=0x00000000, channelmask=0x00000000, channelorder=0, peakvolume=0.538971.
[LOG] AsyncThread::threadFunc                  : Finished Asynchronous operation on sound 000001F41846C188
[LOG] SoundI::release                          : Music_Hubtest (000001F3F2978D48)
[LOG] SoundI::release                          :     Music_Hubtest (000001F3C0A542D8)
[LOG] SoundI::release                          :     Music_Hubtest (000001F419F5B618)
[LOG] Manager::readBank                        : fileversion = 135, compatVersion = 132 (oldest = 44, newest = 135)
[LOG] Manager::readBank                        : fileversion = 135, compatVersion = 132 (oldest = 44, newest = 135)
[LOG] Manager::readBank                        : fileversion = 135, compatVersion = 132 (oldest = 44, newest = 135)
[LOG] Manager::readBank                        : fileversion = 135, compatVersion = 132 (oldest = 44, newest = 135)
[LOG] Manager::readBank                        : fileversion = 135, compatVersion = 132 (oldest = 44, newest = 135)
[LOG] Manager::readBank                        : fileversion = 135, compatVersion = 132 (oldest = 44, newest = 135)
[LOG] Manager::readBank                        : fileversion = 135, compatVersion = 132 (oldest = 44, newest = 135)
[LOG] Manager::readBank                        : fileversion = 135, compatVersion = 132 (oldest = 44, newest = 135)
[LOG] Manager::readBank                        : fileversion = 135, compatVersion = 132 (oldest = 44, newest = 135)
[LOG] Manager::readBank                        : fileversion = 135, compatVersion = 132 (oldest = 44, newest = 135)
[LOG] Manager::readBank                        : fileversion = 135, compatVersion = 132 (oldest = 44, newest = 135)
[LOG] SoundI::release                          :  (000001F3F21C6CA8)
[LOG] SoundI::release                          :     SFX_IceAttack (000001F356584C78)
[LOG] SoundI::release                          :  (000001F3F21C5158)
[LOG] SoundI::release                          :     SFX_Fireball (000001F356584AD8)
[LOG] SoundI::release                          :  (000001F3F21C2ED8)
[LOG] SoundI::release                          :     step2 (000001F356585FF8)
[LOG] SoundI::release                          :  (000001F3F21BF6C8)
[LOG] SoundI::release                          :     VO_Narrator_Intro1 (000001F45850A148)
[LOG] SoundI::release                          :  (000001F3F21B48D8)
[LOG] SoundI::release                          :     VO_Narrator_Intro2 (000001F3C0A54958)
[LOG] SoundI::release                          :  (000001F3F21BE868)
[LOG] SoundI::release                          :     VO_Scarlett_Intro1 (000001F45850B668)
[LOG] SoundI::release                          :  (000001F3F21C0808)
[LOG] SoundI::release                          :     VO_Scarlett_Intro2 (000001F45850B808)
[LOG] SoundI::release                          :  (000001F3F21C0C58)
[LOG] SoundI::release                          :     VO_Scarlett_Intro3 (000001F45850A2E8)
[LOG] SoundI::release                          :  (000001F3F21BFF68)
[LOG] SoundI::release                          :     VO_Alex_Intro1 (000001F356585B18)
[LOG] SoundI::release                          :  (000001F3F21C0DC8)
[LOG] SoundI::release                          :     VO_Mori_Intro1 (000001F45850A628)
[LOG] SoundI::release                          :  (000001F3F21BFB18)
[LOG] SoundI::release                          :     VO_Mori_Intro2 (000001F45850D068)
[LOG] SoundI::release                          :  (000001F3F21B4318)
[LOG] SoundI::release                          :     VO_Mori_Intro3 (000001F3C0A54618)
[LOG] SoundI::release                          :  (000001F3F21BEE28)
[LOG] SoundI::release                          :     VO_Scarlett_Intro4 (000001F45850D208)
[LOG] SoundI::release                          :  (000001F3F21BE6F8)
[LOG] SoundI::release                          :     VO_Alex_Intro2 (000001F45850B328)
[LOG] SoundI::release                          :  (000001F3F21C0698)
[LOG] SoundI::release                          :     VO_Scarlett_Intro5 (000001F45850CEC8)
[LOG] SoundI::release                          :  (000001F3F21BFDF8)
[LOG] SoundI::release                          :     VO_Narrator_CombatTutorial_1 (000001F45850A488)
[LOG] SoundI::release                          :  (000001F3F21C1C28)
[LOG] SoundI::release                          :     VO_Narrator_CombatTutorial_2 (000001F45850C6A8)
[LOG] SoundI::release                          : Music_Hubtest (000001F41846C188)
[LOG] SoundI::release                          :     Music_Hubtest (000001F41BF9D608)
[LOG] SoundI::release                          :     Music_Hubtest (000001F4184715E8)
[LOG] SoundI::release                          :  (000001F3F21BFC88)
[LOG] SoundI::release                          :     VO_Narrator_CombatTutorial_3 (000001F45850DF08)
[LOG] SoundI::release                          :  (000001F3F21BE9D8)
[LOG] SoundI::release                          :     VO_Mori_Combat1 (000001F3C0A54AF8)
[LOG] SoundI::release                          :  (000001F3F21BDB78)
[LOG] SoundI::release                          :     VO_Mori_Combat2 (000001F45850C9E8)
[LOG] SoundI::release                          :  (000001F3F21BD2D8)
[LOG] SoundI::release                          :     VO_Narrator_ItemTutorial_1 (000001F45850B4C8)
[LOG] SoundI::release                          :  (000001F3F21C2358)
[LOG] SoundI::release                          :     VO_Narrator_ItemTutorial_2 (000001F45850C848)
[LOG] Thread::callback                         : FMOD Studio update thread finished.
[LOG] Thread::callback                         : FMOD Studio bank load thread finished.
[LOG] Profile::disconnectAll                   : Profiler disconnecting all clients
[LOG] Thread::callback                         : FMOD Studio sample load thread finished.
[LOG] LiveUpdate::release                      : 
[LOG] LiveUpdate::reset                        : Reset connection (reason Disconnected)
[LOG] Thread::callback                         : FMOD stream thread finished.
[LOG] Thread::callback                         : FMOD mixer thread finished.
[LOG] Profile::disconnectAll                   : Profiler disconnecting all clients
[LOG] SystemI::close                           : Closed.
[LOG] Manager::readBank                        : fileversion = 135, compatVersion = 132 (oldest = 44, newest = 135)
[LOG] Manager::readBank                        : fileversion = 135, compatVersion = 132 (oldest = 44, newest = 135)
[LOG] Manager::readBank                        : fileversion = 135, compatVersion = 132 (oldest = 44, newest = 135)
[LOG] Manager::readBank                        : fileversion = 135, compatVersion = 132 (oldest = 44, newest = 135)
[LOG] Manager::readBank                        : fileversion = 135, compatVersion = 132 (oldest = 44, newest = 135)
[LOG] Manager::readBank                        : fileversion = 135, compatVersion = 132 (oldest = 44, newest = 135)
[LOG] PlaybackSystem::acquireMasterBus         : Setting master channel group format to 6
[LOG] Thread::callback                         : FMOD Studio bank load thread finished.
[LOG] Thread::callback                         : FMOD Studio sample load thread finished.
[LOG] LiveUpdate::release                      : 
[LOG] LiveUpdate::reset                        : Reset connection (reason Disconnected)
[LOG] Thread::callback                         : FMOD stream thread finished.
[LOG] Thread::callback                         : FMOD mixer thread finished.
[LOG] SystemI::close                           : Closed.
[LOG] Thread::callback                         : FMOD nonblocking thread (0) finished.
[LOG] Thread::callback                         : FMOD file thread finished.
